<?xml version="1.0" encoding="UTF-8"?>
<!-- Generated by org.testng.reporters.JUnitXMLReporter -->
<testsuite hostname="SAJID-KHAN" ignored="0" name="Default test" tests="4" failures="0" timestamp="2021-10-09T10:25:01 IST" time="5.061" errors="0">
  <testcase name="post" time="3.945" classname="RestAssured.RestAssured.AppTest"/>
  <testcase name="get" time="0.741" classname="RestAssured.RestAssured.AppTest"/>
  <testcase name="put" time="0.175" classname="RestAssured.RestAssured.AppTest"/>
  <testcase name="delete" time="0.101" classname="RestAssured.RestAssured.AppTest"/>
</testsuite> <!-- Default test -->
