<?xml version="1.0" encoding="UTF-8"?>
<!-- Generated by org.testng.reporters.JUnitXMLReporter -->
<testsuite hostname="SAJID-KHAN" ignored="0" name="Default test" tests="5" failures="0" timestamp="2021-10-13T11:45:44 IST" time="9.222" errors="0">
  <testcase name="verifyDelete" time="5.018" classname="RestAssured.RestAssured.DemoPostman"/>
  <testcase name="verifyPost" time="0.862" classname="RestAssured.RestAssured.DemoPostman"/>
  <testcase name="verifyGet" time="2.106" classname="RestAssured.RestAssured.DemoPostman"/>
  <testcase name="verifyPut" time="0.55" classname="RestAssured.RestAssured.DemoPostman"/>
  <testcase name="verifyPatch" time="0.569" classname="RestAssured.RestAssured.DemoPostman"/>
</testsuite> <!-- Default test -->
