<?xml version="1.0" encoding="UTF-8"?>
<testng-results skipped="0" failed="0" ignored="0" total="4" passed="4">
  <reporter-output>
  </reporter-output>
  <suite name="Default suite" duration-ms="5061" started-at="2021-10-09T10:24:56 IST" finished-at="2021-10-09T10:25:01 IST">
    <groups>
    </groups>
    <test name="Default test" duration-ms="5061" started-at="2021-10-09T10:24:56 IST" finished-at="2021-10-09T10:25:01 IST">
      <class name="RestAssured.RestAssured.AppTest">
        <test-method status="PASS" signature="post()[pri:1, instance:RestAssured.RestAssured.AppTest@4b1c1ea0]" name="post" duration-ms="3945" started-at="2021-10-09T10:24:56 IST" finished-at="2021-10-09T10:25:00 IST">
          <reporter-output>
          </reporter-output>
        </test-method> <!-- post -->
        <test-method status="PASS" signature="get()[pri:2, instance:RestAssured.RestAssured.AppTest@4b1c1ea0]" name="get" duration-ms="741" started-at="2021-10-09T10:25:00 IST" finished-at="2021-10-09T10:25:01 IST">
          <reporter-output>
          </reporter-output>
        </test-method> <!-- get -->
        <test-method status="PASS" signature="put()[pri:3, instance:RestAssured.RestAssured.AppTest@4b1c1ea0]" name="put" duration-ms="175" started-at="2021-10-09T10:25:01 IST" finished-at="2021-10-09T10:25:01 IST">
          <reporter-output>
          </reporter-output>
        </test-method> <!-- put -->
        <test-method status="PASS" signature="delete()[pri:4, instance:RestAssured.RestAssured.AppTest@4b1c1ea0]" name="delete" duration-ms="101" started-at="2021-10-09T10:25:01 IST" finished-at="2021-10-09T10:25:01 IST">
          <reporter-output>
          </reporter-output>
        </test-method> <!-- delete -->
      </class> <!-- RestAssured.RestAssured.AppTest -->
    </test> <!-- Default test -->
  </suite> <!-- Default suite -->
</testng-results>
